Determining if the pthread_create exist failed with the following output:
Change Dir: /remote-home/2230728/project/research/Compliant-Control-and-Application-v1.0.0-real/src/universal_robot_control/cartesian_state_msgs/build/CMakeFiles/CMakeTmp

Run Build Command:"/usr/bin/make" "cmTC_bda95/fast"
/usr/bin/make -f CMakeFiles/cmTC_bda95.dir/build.make CMakeFiles/cmTC_bda95.dir/build
make[1]: Entering directory '/remote-home/2230728/project/research/Compliant-Control-and-Application-v1.0.0-real/src/universal_robot_control/cartesian_state_msgs/build/CMakeFiles/CMakeTmp'
Building C object CMakeFiles/cmTC_bda95.dir/CheckSymbolExists.c.o
/usr/bin/cc     -o CMakeFiles/cmTC_bda95.dir/CheckSymbolExists.c.o   -c /remote-home/2230728/project/research/Compliant-Control-and-Application-v1.0.0-real/src/universal_robot_control/cartesian_state_msgs/build/CMakeFiles/CMakeTmp/CheckSymbolExists.c
Linking C executable cmTC_bda95
/usr/bin/cmake -E cmake_link_script CMakeFiles/cmTC_bda95.dir/link.txt --verbose=1
/usr/bin/cc       CMakeFiles/cmTC_bda95.dir/CheckSymbolExists.c.o  -o cmTC_bda95 -rdynamic 
CMakeFiles/cmTC_bda95.dir/CheckSymbolExists.c.o: In function `main':
CheckSymbolExists.c:(.text+0x16): undefined reference to `pthread_create'
collect2: error: ld returned 1 exit status
CMakeFiles/cmTC_bda95.dir/build.make:97: recipe for target 'cmTC_bda95' failed
make[1]: *** [cmTC_bda95] Error 1
make[1]: Leaving directory '/remote-home/2230728/project/research/Compliant-Control-and-Application-v1.0.0-real/src/universal_robot_control/cartesian_state_msgs/build/CMakeFiles/CMakeTmp'
Makefile:126: recipe for target 'cmTC_bda95/fast' failed
make: *** [cmTC_bda95/fast] Error 2

File /remote-home/2230728/project/research/Compliant-Control-and-Application-v1.0.0-real/src/universal_robot_control/cartesian_state_msgs/build/CMakeFiles/CMakeTmp/CheckSymbolExists.c:
/* */
#include <pthread.h>

int main(int argc, char** argv)
{
  (void)argv;
#ifndef pthread_create
  return ((int*)(&pthread_create))[argc];
#else
  (void)argc;
  return 0;
#endif
}

Determining if the function pthread_create exists in the pthreads failed with the following output:
Change Dir: /remote-home/2230728/project/research/Compliant-Control-and-Application-v1.0.0-real/src/universal_robot_control/cartesian_state_msgs/build/CMakeFiles/CMakeTmp

Run Build Command:"/usr/bin/make" "cmTC_8c887/fast"
/usr/bin/make -f CMakeFiles/cmTC_8c887.dir/build.make CMakeFiles/cmTC_8c887.dir/build
make[1]: Entering directory '/remote-home/2230728/project/research/Compliant-Control-and-Application-v1.0.0-real/src/universal_robot_control/cartesian_state_msgs/build/CMakeFiles/CMakeTmp'
Building C object CMakeFiles/cmTC_8c887.dir/CheckFunctionExists.c.o
/usr/bin/cc    -DCHECK_FUNCTION_EXISTS=pthread_create   -o CMakeFiles/cmTC_8c887.dir/CheckFunctionExists.c.o   -c /usr/share/cmake-3.5/Modules/CheckFunctionExists.c
Linking C executable cmTC_8c887
/usr/bin/cmake -E cmake_link_script CMakeFiles/cmTC_8c887.dir/link.txt --verbose=1
/usr/bin/cc   -DCHECK_FUNCTION_EXISTS=pthread_create    CMakeFiles/cmTC_8c887.dir/CheckFunctionExists.c.o  -o cmTC_8c887 -rdynamic -lpthreads 
/usr/bin/ld: cannot find -lpthreads
collect2: error: ld returned 1 exit status
CMakeFiles/cmTC_8c887.dir/build.make:97: recipe for target 'cmTC_8c887' failed
make[1]: *** [cmTC_8c887] Error 1
make[1]: Leaving directory '/remote-home/2230728/project/research/Compliant-Control-and-Application-v1.0.0-real/src/universal_robot_control/cartesian_state_msgs/build/CMakeFiles/CMakeTmp'
Makefile:126: recipe for target 'cmTC_8c887/fast' failed
make: *** [cmTC_8c887/fast] Error 2


